<?xml version="1.0" encoding="UTF-8"?>
<testng-results ignored="0" total="1" passed="1" failed="0" skipped="0">
  <reporter-output>
  </reporter-output>
  <suite started-at="2023-03-12T16:34:13 IST" name="Default suite" finished-at="2023-03-12T16:34:15 IST" duration-ms="1187">
    <groups>
    </groups>
    <test started-at="2023-03-12T16:34:13 IST" name="Default test" finished-at="2023-03-12T16:34:15 IST" duration-ms="1187">
      <class name="Basics.GetRequest">
        <test-method signature="getUser()[pri:0, instance:Basics.GetRequest@130161f7]" started-at="2023-03-12T16:34:13 IST" name="getUser" finished-at="2023-03-12T16:34:15 IST" duration-ms="1157" status="PASS">
          <reporter-output>
          </reporter-output>
        </test-method> <!-- getUser -->
      </class> <!-- Basics.GetRequest -->
    </test> <!-- Default test -->
  </suite> <!-- Default suite -->
</testng-results>
