<?xml version="1.0" encoding="UTF-8"?>
<testng-results ignored="0" total="2" passed="2" failed="0" skipped="0">
  <reporter-output>
  </reporter-output>
  <suite started-at="2023-03-13T16:01:30 IST" name="Default suite" finished-at="2023-03-13T16:01:30 IST" duration-ms="862">
    <groups>
    </groups>
    <test started-at="2023-03-13T16:01:30 IST" name="Default test" finished-at="2023-03-13T16:01:30 IST" duration-ms="862">
      <class name="Basics.FetchValueFromJson">
        <test-method signature="getDetails()[pri:0, instance:Basics.FetchValueFromJson@41fbdac4]" started-at="2023-03-13T16:01:30 IST" name="getDetails" finished-at="2023-03-13T16:01:30 IST" duration-ms="785" status="PASS">
          <reporter-output>
          </reporter-output>
        </test-method> <!-- getDetails -->
        <test-method signature="validatePurchaseAmount()[pri:1, instance:Basics.FetchValueFromJson@41fbdac4]" started-at="2023-03-13T16:01:30 IST" name="validatePurchaseAmount" finished-at="2023-03-13T16:01:30 IST" duration-ms="49" status="PASS">
          <reporter-output>
          </reporter-output>
        </test-method> <!-- validatePurchaseAmount -->
      </class> <!-- Basics.FetchValueFromJson -->
    </test> <!-- Default test -->
  </suite> <!-- Default suite -->
</testng-results>
